/home/pehlica2/ros2_ws/src/py_pingpong/install/py_pingpong/lib/python3.8/site-packages/py_pingpong/pong_function.py
/home/pehlica2/ros2_ws/src/py_pingpong/install/py_pingpong/lib/python3.8/site-packages/py_pingpong/__init__.py
/home/pehlica2/ros2_ws/src/py_pingpong/install/py_pingpong/lib/python3.8/site-packages/py_pingpong/ping_function.py
/home/pehlica2/ros2_ws/src/py_pingpong/install/py_pingpong/lib/python3.8/site-packages/py_pingpong/publisher_member_function.py
/home/pehlica2/ros2_ws/src/py_pingpong/install/py_pingpong/lib/python3.8/site-packages/py_pingpong/subscriber_member_function.py
/home/pehlica2/ros2_ws/src/py_pingpong/install/py_pingpong/lib/python3.8/site-packages/py_pingpong/__pycache__/pong_function.cpython-38.pyc
/home/pehlica2/ros2_ws/src/py_pingpong/install/py_pingpong/lib/python3.8/site-packages/py_pingpong/__pycache__/__init__.cpython-38.pyc
/home/pehlica2/ros2_ws/src/py_pingpong/install/py_pingpong/lib/python3.8/site-packages/py_pingpong/__pycache__/ping_function.cpython-38.pyc
/home/pehlica2/ros2_ws/src/py_pingpong/install/py_pingpong/lib/python3.8/site-packages/py_pingpong/__pycache__/publisher_member_function.cpython-38.pyc
/home/pehlica2/ros2_ws/src/py_pingpong/install/py_pingpong/lib/python3.8/site-packages/py_pingpong/__pycache__/subscriber_member_function.cpython-38.pyc
/home/pehlica2/ros2_ws/src/py_pingpong/install/py_pingpong/share/ament_index/resource_index/packages/py_pingpong
/home/pehlica2/ros2_ws/src/py_pingpong/install/py_pingpong/share/py_pingpong/package.xml
/home/pehlica2/ros2_ws/src/py_pingpong/install/py_pingpong/lib/python3.8/site-packages/py_pingpong-0.0.0-py3.8.egg-info/entry_points.txt
/home/pehlica2/ros2_ws/src/py_pingpong/install/py_pingpong/lib/python3.8/site-packages/py_pingpong-0.0.0-py3.8.egg-info/dependency_links.txt
/home/pehlica2/ros2_ws/src/py_pingpong/install/py_pingpong/lib/python3.8/site-packages/py_pingpong-0.0.0-py3.8.egg-info/zip-safe
/home/pehlica2/ros2_ws/src/py_pingpong/install/py_pingpong/lib/python3.8/site-packages/py_pingpong-0.0.0-py3.8.egg-info/requires.txt
/home/pehlica2/ros2_ws/src/py_pingpong/install/py_pingpong/lib/python3.8/site-packages/py_pingpong-0.0.0-py3.8.egg-info/PKG-INFO
/home/pehlica2/ros2_ws/src/py_pingpong/install/py_pingpong/lib/python3.8/site-packages/py_pingpong-0.0.0-py3.8.egg-info/top_level.txt
/home/pehlica2/ros2_ws/src/py_pingpong/install/py_pingpong/lib/python3.8/site-packages/py_pingpong-0.0.0-py3.8.egg-info/SOURCES.txt
/home/pehlica2/ros2_ws/src/py_pingpong/install/py_pingpong/lib/py_pingpong/listener
/home/pehlica2/ros2_ws/src/py_pingpong/install/py_pingpong/lib/py_pingpong/listener2
/home/pehlica2/ros2_ws/src/py_pingpong/install/py_pingpong/lib/py_pingpong/talker
/home/pehlica2/ros2_ws/src/py_pingpong/install/py_pingpong/lib/py_pingpong/talker2
