[0.175s] DEBUG:colcon:Command line arguments: ['/usr/bin/colcon', 'build', '--packages-select', 'py_pingpong']
[0.175s] DEBUG:colcon:Parsed command line arguments: Namespace(allow_overriding=[], ament_cmake_args=None, base_paths=['.'], build_base='build', catkin_cmake_args=None, catkin_skip_building_tests=False, cmake_args=None, cmake_clean_cache=False, cmake_clean_first=False, cmake_force_configure=False, cmake_target=None, cmake_target_skip_unavailable=False, continue_on_error=False, event_handlers=None, executor='parallel', ignore_user_meta=False, install_base='install', log_base=None, log_level=None, main=<bound method BuildVerb.main of <colcon_core.verb.build.BuildVerb object at 0x7f3f2a17e910>>, merge_install=False, metas=['./colcon.meta'], packages_above=None, packages_above_and_dependencies=None, packages_above_depth=None, packages_end=None, packages_ignore=None, packages_ignore_regex=None, packages_select=['py_pingpong'], packages_select_build_failed=False, packages_select_by_dep=None, packages_select_regex=None, packages_select_test_failures=False, packages_skip=None, packages_skip_build_finished=False, packages_skip_by_dep=None, packages_skip_regex=None, packages_skip_test_passed=False, packages_skip_up_to=None, packages_start=None, packages_up_to=None, packages_up_to_regex=None, parallel_workers=8, paths=None, symlink_install=False, test_result_base=None, verb_extension=<colcon_core.verb.build.BuildVerb object at 0x7f3f2a17e910>, verb_name='build', verb_parser=<colcon_defaults.argument_parser.defaults.DefaultArgumentsDecorator object at 0x7f3f2a17ee80>)
[0.200s] Level 1:colcon.colcon_core.package_discovery:discover_packages(colcon_meta) check parameters
[0.201s] Level 1:colcon.colcon_core.package_discovery:discover_packages(recursive) check parameters
[0.201s] Level 1:colcon.colcon_core.package_discovery:discover_packages(ignore) check parameters
[0.201s] Level 1:colcon.colcon_core.package_discovery:discover_packages(path) check parameters
[0.201s] Level 1:colcon.colcon_core.package_discovery:discover_packages(colcon_meta) discover
[0.201s] Level 1:colcon.colcon_core.package_discovery:discover_packages(recursive) discover
[0.201s] INFO:colcon.colcon_core.package_discovery:Crawling recursively for packages in '/home/pehlica2/ros2_ws/src/py_pingpong'
[0.201s] Level 1:colcon.colcon_core.package_identification:_identify(.) by extensions ['ignore', 'ignore_ament_install']
[0.201s] Level 1:colcon.colcon_core.package_identification:_identify(.) by extension 'ignore'
[0.201s] Level 1:colcon.colcon_core.package_identification:_identify(.) by extension 'ignore_ament_install'
[0.201s] Level 1:colcon.colcon_core.package_identification:_identify(.) by extensions ['colcon_pkg']
[0.201s] Level 1:colcon.colcon_core.package_identification:_identify(.) by extension 'colcon_pkg'
[0.201s] Level 1:colcon.colcon_core.package_identification:_identify(.) by extensions ['colcon_meta']
[0.201s] Level 1:colcon.colcon_core.package_identification:_identify(.) by extension 'colcon_meta'
[0.201s] Level 1:colcon.colcon_core.package_identification:_identify(.) by extensions ['ros']
[0.201s] Level 1:colcon.colcon_core.package_identification:_identify(.) by extension 'ros'
[0.224s] DEBUG:colcon.colcon_core.package_identification:Package '.' with type 'ros.ament_python' and name 'py_pingpong'
[0.224s] Level 1:colcon.colcon_core.package_discovery:discover_packages(recursive) using defaults
[0.224s] Level 1:colcon.colcon_core.package_discovery:discover_packages(ignore) discover
[0.224s] Level 1:colcon.colcon_core.package_discovery:discover_packages(ignore) using defaults
[0.224s] Level 1:colcon.colcon_core.package_discovery:discover_packages(path) discover
[0.224s] Level 1:colcon.colcon_core.package_discovery:discover_packages(path) using defaults
[0.246s] Level 1:colcon.colcon_core.package_discovery:discover_packages(prefix_path) check parameters
[0.246s] Level 1:colcon.colcon_core.package_discovery:discover_packages(prefix_path) discover
[0.251s] DEBUG:colcon.colcon_installed_package_information.package_discovery:Found 27 installed packages in /home/pehlica2/ros2_ws/install
[0.254s] DEBUG:colcon.colcon_installed_package_information.package_discovery:Found 256 installed packages in /opt/ros/foxy
[0.257s] Level 1:colcon.colcon_core.package_discovery:discover_packages(prefix_path) using defaults
[0.336s] Level 5:colcon.colcon_core.verb:set package 'py_pingpong' build argument 'cmake_args' from command line to 'None'
[0.336s] Level 5:colcon.colcon_core.verb:set package 'py_pingpong' build argument 'cmake_target' from command line to 'None'
[0.336s] Level 5:colcon.colcon_core.verb:set package 'py_pingpong' build argument 'cmake_target_skip_unavailable' from command line to 'False'
[0.336s] Level 5:colcon.colcon_core.verb:set package 'py_pingpong' build argument 'cmake_clean_cache' from command line to 'False'
[0.336s] Level 5:colcon.colcon_core.verb:set package 'py_pingpong' build argument 'cmake_clean_first' from command line to 'False'
[0.336s] Level 5:colcon.colcon_core.verb:set package 'py_pingpong' build argument 'cmake_force_configure' from command line to 'False'
[0.336s] Level 5:colcon.colcon_core.verb:set package 'py_pingpong' build argument 'ament_cmake_args' from command line to 'None'
[0.336s] Level 5:colcon.colcon_core.verb:set package 'py_pingpong' build argument 'catkin_cmake_args' from command line to 'None'
[0.336s] Level 5:colcon.colcon_core.verb:set package 'py_pingpong' build argument 'catkin_skip_building_tests' from command line to 'False'
[0.336s] DEBUG:colcon.colcon_core.verb:Building package 'py_pingpong' with the following arguments: {'ament_cmake_args': None, 'build_base': '/home/pehlica2/ros2_ws/src/py_pingpong/build/py_pingpong', 'catkin_cmake_args': None, 'catkin_skip_building_tests': False, 'cmake_args': None, 'cmake_clean_cache': False, 'cmake_clean_first': False, 'cmake_force_configure': False, 'cmake_target': None, 'cmake_target_skip_unavailable': False, 'install_base': '/home/pehlica2/ros2_ws/src/py_pingpong/install/py_pingpong', 'merge_install': False, 'path': '/home/pehlica2/ros2_ws/src/py_pingpong', 'symlink_install': False, 'test_result_base': None}
[0.337s] INFO:colcon.colcon_core.executor:Executing jobs using 'parallel' executor
[0.343s] DEBUG:colcon.colcon_parallel_executor.executor.parallel:run_until_complete
[0.343s] INFO:colcon.colcon_ros.task.ament_python.build:Building ROS package in '/home/pehlica2/ros2_ws/src/py_pingpong' with build type 'ament_python'
[0.343s] Level 1:colcon.colcon_core.shell:create_environment_hook('py_pingpong', 'ament_prefix_path')
[0.349s] INFO:colcon.colcon_core.plugin_system:Skipping extension 'colcon_core.shell.bat': Not used on non-Windows systems
[0.349s] INFO:colcon.colcon_core.shell:Creating environment hook '/home/pehlica2/ros2_ws/src/py_pingpong/install/py_pingpong/share/py_pingpong/hook/ament_prefix_path.ps1'
[0.349s] INFO:colcon.colcon_core.shell:Creating environment descriptor '/home/pehlica2/ros2_ws/src/py_pingpong/install/py_pingpong/share/py_pingpong/hook/ament_prefix_path.dsv'
[0.350s] INFO:colcon.colcon_core.shell:Creating environment hook '/home/pehlica2/ros2_ws/src/py_pingpong/install/py_pingpong/share/py_pingpong/hook/ament_prefix_path.sh'
[0.352s] INFO:colcon.colcon_core.shell:Skip shell extension 'powershell' for command environment: Not usable outside of PowerShell
[0.352s] DEBUG:colcon.colcon_core.shell:Skip shell extension 'dsv' for command environment
[0.636s] INFO:colcon.colcon_core.task.python.build:Building Python package in '/home/pehlica2/ros2_ws/src/py_pingpong'
[0.641s] INFO:colcon.colcon_core.shell:Skip shell extension 'powershell' for command environment: Not usable outside of PowerShell
[0.642s] DEBUG:colcon.colcon_core.shell:Skip shell extension 'dsv' for command environment
[1.134s] DEBUG:colcon.colcon_core.event_handler.log_command:Invoking command in '/home/pehlica2/ros2_ws/src/py_pingpong': PYTHONPATH=/home/pehlica2/ros2_ws/src/py_pingpong/build/py_pingpong/prefix_override:/home/pehlica2/ros2_ws/src/py_pingpong/install/py_pingpong/lib/python3.8/site-packages:${PYTHONPATH} _=/usr/bin/env /usr/bin/python3 setup.py egg_info --egg-base build/py_pingpong build --build-base /home/pehlica2/ros2_ws/src/py_pingpong/build/py_pingpong/build install --record /home/pehlica2/ros2_ws/src/py_pingpong/build/py_pingpong/install.log --install-scripts $base/lib/py_pingpong --single-version-externally-managed
[1.493s] DEBUG:colcon.colcon_core.event_handler.log_command:Invoked command in '/home/pehlica2/ros2_ws/src/py_pingpong' returned '0': PYTHONPATH=/home/pehlica2/ros2_ws/src/py_pingpong/build/py_pingpong/prefix_override:/home/pehlica2/ros2_ws/src/py_pingpong/install/py_pingpong/lib/python3.8/site-packages:${PYTHONPATH} _=/usr/bin/env /usr/bin/python3 setup.py egg_info --egg-base build/py_pingpong build --build-base /home/pehlica2/ros2_ws/src/py_pingpong/build/py_pingpong/build install --record /home/pehlica2/ros2_ws/src/py_pingpong/build/py_pingpong/install.log --install-scripts $base/lib/py_pingpong --single-version-externally-managed
[1.499s] Level 1:colcon.colcon_core.environment:checking '/home/pehlica2/ros2_ws/src/py_pingpong/install/py_pingpong' for CMake module files
[1.500s] Level 1:colcon.colcon_core.environment:checking '/home/pehlica2/ros2_ws/src/py_pingpong/install/py_pingpong' for CMake config files
[1.501s] Level 1:colcon.colcon_core.environment:checking '/home/pehlica2/ros2_ws/src/py_pingpong/install/py_pingpong/lib'
[1.501s] Level 1:colcon.colcon_core.environment:checking '/home/pehlica2/ros2_ws/src/py_pingpong/install/py_pingpong/bin'
[1.501s] Level 1:colcon.colcon_core.environment:checking '/home/pehlica2/ros2_ws/src/py_pingpong/install/py_pingpong/lib/pkgconfig/py_pingpong.pc'
[1.501s] Level 1:colcon.colcon_core.environment:checking '/home/pehlica2/ros2_ws/src/py_pingpong/install/py_pingpong/lib/python3.8/site-packages'
[1.501s] Level 1:colcon.colcon_core.shell:create_environment_hook('py_pingpong', 'pythonpath')
[1.503s] INFO:colcon.colcon_core.shell:Creating environment hook '/home/pehlica2/ros2_ws/src/py_pingpong/install/py_pingpong/share/py_pingpong/hook/pythonpath.ps1'
[1.504s] INFO:colcon.colcon_core.shell:Creating environment descriptor '/home/pehlica2/ros2_ws/src/py_pingpong/install/py_pingpong/share/py_pingpong/hook/pythonpath.dsv'
[1.504s] INFO:colcon.colcon_core.shell:Creating environment hook '/home/pehlica2/ros2_ws/src/py_pingpong/install/py_pingpong/share/py_pingpong/hook/pythonpath.sh'
[1.504s] Level 1:colcon.colcon_core.environment:checking '/home/pehlica2/ros2_ws/src/py_pingpong/install/py_pingpong/bin'
[1.504s] Level 1:colcon.colcon_core.environment:create_environment_scripts_only(py_pingpong)
[1.506s] INFO:colcon.colcon_core.shell:Creating package script '/home/pehlica2/ros2_ws/src/py_pingpong/install/py_pingpong/share/py_pingpong/package.ps1'
[1.507s] INFO:colcon.colcon_core.shell:Creating package descriptor '/home/pehlica2/ros2_ws/src/py_pingpong/install/py_pingpong/share/py_pingpong/package.dsv'
[1.508s] INFO:colcon.colcon_core.shell:Creating package script '/home/pehlica2/ros2_ws/src/py_pingpong/install/py_pingpong/share/py_pingpong/package.sh'
[1.509s] INFO:colcon.colcon_core.shell:Creating package script '/home/pehlica2/ros2_ws/src/py_pingpong/install/py_pingpong/share/py_pingpong/package.bash'
[1.509s] INFO:colcon.colcon_core.shell:Creating package script '/home/pehlica2/ros2_ws/src/py_pingpong/install/py_pingpong/share/py_pingpong/package.zsh'
[1.510s] Level 1:colcon.colcon_core.environment:create_file_with_runtime_dependencies(/home/pehlica2/ros2_ws/src/py_pingpong/install/py_pingpong/share/colcon-core/packages/py_pingpong)
[1.510s] DEBUG:colcon.colcon_parallel_executor.executor.parallel:closing loop
[1.511s] DEBUG:colcon.colcon_parallel_executor.executor.parallel:loop closed
[1.511s] DEBUG:colcon.colcon_parallel_executor.executor.parallel:run_until_complete finished with '0'
[1.511s] DEBUG:colcon.colcon_core.event_reactor:joining thread
[1.522s] INFO:colcon.colcon_core.plugin_system:Skipping extension 'colcon_notification.desktop_notification.terminal_notifier': Not used on non-Darwin systems
[1.522s] INFO:colcon.colcon_core.plugin_system:Skipping extension 'colcon_notification.desktop_notification.win32': Not used on non-Windows systems
[1.522s] INFO:colcon.colcon_notification.desktop_notification:Sending desktop notification using 'notify2'
[1.554s] DEBUG:colcon.colcon_core.event_reactor:joined thread
[1.556s] INFO:colcon.colcon_core.shell:Creating prefix script '/home/pehlica2/ros2_ws/src/py_pingpong/install/local_setup.ps1'
[1.557s] INFO:colcon.colcon_core.shell:Creating prefix util module '/home/pehlica2/ros2_ws/src/py_pingpong/install/_local_setup_util_ps1.py'
[1.558s] INFO:colcon.colcon_core.shell:Creating prefix chain script '/home/pehlica2/ros2_ws/src/py_pingpong/install/setup.ps1'
[1.563s] INFO:colcon.colcon_core.shell:Creating prefix script '/home/pehlica2/ros2_ws/src/py_pingpong/install/local_setup.sh'
[1.563s] INFO:colcon.colcon_core.shell:Creating prefix util module '/home/pehlica2/ros2_ws/src/py_pingpong/install/_local_setup_util_sh.py'
[1.564s] INFO:colcon.colcon_core.shell:Creating prefix chain script '/home/pehlica2/ros2_ws/src/py_pingpong/install/setup.sh'
[1.566s] INFO:colcon.colcon_core.shell:Creating prefix script '/home/pehlica2/ros2_ws/src/py_pingpong/install/local_setup.bash'
[1.567s] INFO:colcon.colcon_core.shell:Creating prefix chain script '/home/pehlica2/ros2_ws/src/py_pingpong/install/setup.bash'
[1.569s] INFO:colcon.colcon_core.shell:Creating prefix script '/home/pehlica2/ros2_ws/src/py_pingpong/install/local_setup.zsh'
[1.570s] INFO:colcon.colcon_core.shell:Creating prefix chain script '/home/pehlica2/ros2_ws/src/py_pingpong/install/setup.zsh'
